# JRE version: OpenJDK Runtime Environment (11.0.12+7) (build 11.0.12+7-b1504.28-7817840)
# Java VM: OpenJDK 64-Bit Server VM (11.0.12+7-b1504.28-7817840, mixed mode, tiered, compressed oops, g1 gc, windows-amd64)
Heap:
 garbage-first heap   total 431104K, used 163825K [0x0000000080000000, 0x0000000100000000)
  region size 1024K, 29 young (29696K), 1 survivors (1024K)
 Metaspace       used 197711K, capacity 204128K, committed 204332K, reserved 1228800K
  class space    used 23410K, capacity 25653K, committed 25728K, reserved 1048576K
GC Heap History (20 events):
Event: 23176.265 GC heap before
{Heap before GC invocations=463 (full 2):
 garbage-first heap   total 431104K, used 224208K [0x0000000080000000, 0x0000000100000000)
  region size 1024K, 44 young (45056K), 3 survivors (3072K)
 Metaspace       used 193135K, capacity 199419K, committed 199596K, reserved 1224704K
  class space    used 22860K, capacity 25078K, committed 25088K, reserved 1048576K
}
Event: 23176.280 GC heap after
{Heap after GC invocations=464 (full 2):
 garbage-first heap   total 431104K, used 202947K [0x0000000080000000, 0x0000000100000000)
  region size 1024K, 13 young (13312K), 13 survivors (13312K)
 Metaspace       used 193135K, capacity 199419K, committed 199596K, reserved 1224704K
  class space    used 22860K, capacity 25078K, committed 25088K, reserved 1048576K
}
Event: 23176.858 GC heap before
{Heap before GC invocations=465 (full 2):
 garbage-first heap   total 431104K, used 280771K [0x0000000080000000, 0x0000000100000000)
  region size 1024K, 89 young (91136K), 13 survivors (13312K)
 Metaspace       used 196547K, capacity 202828K, committed 202924K, reserved 1226752K
  class space    used 23307K, capacity 25521K, committed 25600K, reserved 1048576K
}
Event: 23176.868 GC heap after
{Heap after GC invocations=466 (full 2):
 garbage-first heap   total 431104K, used 209932K [0x0000000080000000, 0x0000000100000000)
  region size 1024K, 6 young (6144K), 6 survivors (6144K)
 Metaspace       used 196547K, capacity 202828K, committed 202924K, reserved 1226752K
  class space    used 23307K, capacity 25521K, committed 25600K, reserved 1048576K
}
Event: 23176.987 GC heap before
{Heap before GC invocations=466 (full 2):
 garbage-first heap   total 431104K, used 225292K [0x0000000080000000, 0x0000000100000000)
  region size 1024K, 21 young (21504K), 6 survivors (6144K)
 Metaspace       used 197112K, capacity 203419K, committed 203436K, reserved 1226752K
  class space    used 23367K, capacity 25590K, committed 25600K, reserved 1048576K
}
Event: 23176.996 GC heap after
{Heap after GC invocations=467 (full 2):
 garbage-first heap   total 431104K, used 207279K [0x0000000080000000, 0x0000000100000000)
  region size 1024K, 2 young (2048K), 2 survivors (2048K)
 Metaspace       used 197112K, capacity 203419K, committed 203436K, reserved 1226752K
  class space    used 23367K, capacity 25590K, committed 25600K, reserved 1048576K
}
Event: 23177.233 GC heap before
{Heap before GC invocations=467 (full 2):
 garbage-first heap   total 431104K, used 291247K [0x0000000080000000, 0x0000000100000000)
  region size 1024K, 84 young (86016K), 2 survivors (2048K)
 Metaspace       used 197487K, capacity 203785K, committed 204076K, reserved 1228800K
  class space    used 23395K, capacity 25626K, committed 25728K, reserved 1048576K
}
Event: 23177.266 GC heap after
{Heap after GC invocations=468 (full 2):
 garbage-first heap   total 431104K, used 258243K [0x0000000080000000, 0x0000000100000000)
  region size 1024K, 11 young (11264K), 11 survivors (11264K)
 Metaspace       used 197487K, capacity 203785K, committed 204076K, reserved 1228800K
  class space    used 23395K, capacity 25626K, committed 25728K, reserved 1048576K
}
Event: 23177.456 GC heap before
{Heap before GC invocations=468 (full 2):
 garbage-first heap   total 431104K, used 315587K [0x0000000080000000, 0x0000000100000000)
  region size 1024K, 67 young (68608K), 11 survivors (11264K)
 Metaspace       used 197510K, capacity 203849K, committed 204076K, reserved 1228800K
  class space    used 23395K, capacity 25626K, committed 25728K, reserved 1048576K
}
Event: 23177.484 GC heap after
{Heap after GC invocations=469 (full 2):
 garbage-first heap   total 431104K, used 299715K [0x0000000080000000, 0x0000000100000000)
  region size 1024K, 9 young (9216K), 9 survivors (9216K)
 Metaspace       used 197510K, capacity 203849K, committed 204076K, reserved 1228800K
  class space    used 23395K, capacity 25626K, committed 25728K, reserved 1048576K
}
Event: 23177.714 GC heap before
{Heap before GC invocations=470 (full 2):
 garbage-first heap   total 431104K, used 310979K [0x0000000080000000, 0x0000000100000000)
  region size 1024K, 44 young (45056K), 9 survivors (9216K)
 Metaspace       used 197517K, capacity 203852K, committed 204076K, reserved 1228800K
  class space    used 23395K, capacity 25627K, committed 25728K, reserved 1048576K
}
Event: 23177.729 GC heap after
{Heap after GC invocations=471 (full 2):
 garbage-first heap   total 431104K, used 281283K [0x0000000080000000, 0x0000000100000000)
  region size 1024K, 6 young (6144K), 6 survivors (6144K)
 Metaspace       used 197517K, capacity 203852K, committed 204076K, reserved 1228800K
  class space    used 23395K, capacity 25627K, committed 25728K, reserved 1048576K
}
Event: 23178.645 GC heap before
{Heap before GC invocations=471 (full 2):
 garbage-first heap   total 431104K, used 295619K [0x0000000080000000, 0x0000000100000000)
  region size 1024K, 21 young (21504K), 6 survivors (6144K)
 Metaspace       used 197545K, capacity 203865K, committed 204076K, reserved 1228800K
  class space    used 23397K, capacity 25630K, committed 25728K, reserved 1048576K
}
Event: 23178.654 GC heap after
{Heap after GC invocations=472 (full 2):
 garbage-first heap   total 431104K, used 255330K [0x0000000080000000, 0x0000000100000000)
  region size 1024K, 3 young (3072K), 3 survivors (3072K)
 Metaspace       used 197545K, capacity 203865K, committed 204076K, reserved 1228800K
  class space    used 23397K, capacity 25630K, committed 25728K, reserved 1048576K
}
Event: 23178.743 GC heap before
{Heap before GC invocations=472 (full 2):
 garbage-first heap   total 431104K, used 258402K [0x0000000080000000, 0x0000000100000000)
  region size 1024K, 8 young (8192K), 3 survivors (3072K)
 Metaspace       used 197566K, capacity 203949K, committed 204076K, reserved 1228800K
  class space    used 23400K, capacity 25634K, committed 25728K, reserved 1048576K
}
Event: 23178.751 GC heap after
{Heap after GC invocations=473 (full 2):
 garbage-first heap   total 431104K, used 256395K [0x0000000080000000, 0x0000000100000000)
  region size 1024K, 4 young (4096K), 4 survivors (4096K)
 Metaspace       used 197566K, capacity 203949K, committed 204076K, reserved 1228800K
  class space    used 23400K, capacity 25634K, committed 25728K, reserved 1048576K
}
Event: 23179.279 GC heap before
{Heap before GC invocations=474 (full 2):
 garbage-first heap   total 431104K, used 235915K [0x0000000080000000, 0x0000000100000000)
  region size 1024K, 64 young (65536K), 4 survivors (4096K)
 Metaspace       used 197615K, capacity 204020K, committed 204332K, reserved 1228800K
  class space    used 23401K, capacity 25635K, committed 25728K, reserved 1048576K
}
Event: 23179.282 GC heap after
{Heap after GC invocations=475 (full 2):
 garbage-first heap   total 431104K, used 173243K [0x0000000080000000, 0x0000000100000000)
  region size 1024K, 2 young (2048K), 2 survivors (2048K)
 Metaspace       used 197615K, capacity 204020K, committed 204332K, reserved 1228800K
  class space    used 23401K, capacity 25635K, committed 25728K, reserved 1048576K
}
Event: 23363.010 GC heap before
{Heap before GC invocations=475 (full 2):
 garbage-first heap   total 431104K, used 206011K [0x0000000080000000, 0x0000000100000000)
  region size 1024K, 21 young (21504K), 2 survivors (2048K)
 Metaspace       used 197639K, capacity 204032K, committed 204332K, reserved 1228800K
  class space    used 23402K, capacity 25637K, committed 25728K, reserved 1048576K
}
Event: 23363.015 GC heap after
{Heap after GC invocations=476 (full 2):
 garbage-first heap   total 431104K, used 136177K [0x0000000080000000, 0x0000000100000000)
  region size 1024K, 1 young (1024K), 1 survivors (1024K)
 Metaspace       used 197639K, capacity 204032K, committed 204332K, reserved 1228800K
  class space    used 23402K, capacity 25637K, committed 25728K, reserved 1048576K
}

